# JRE version: OpenJDK Runtime Environment (8.0_212-b04) (build 1.8.0_212-release-1586-b04)
# Java VM: OpenJDK 64-Bit Server VM (25.212-b04 mixed mode windows-amd64 compressed oops)
Heap:
 PSYoungGen      total 422912K, used 326640K [0x00000000e0000000, 0x00000000fd980000, 0x0000000100000000)
  eden space 390144K, 79% used [0x00000000e0000000,0x00000000f2e08d48,0x00000000f7d00000)
  from space 32768K, 53% used [0x00000000f7d00000,0x00000000f8e20bc0,0x00000000f9d00000)
  to   space 31744K, 0% used [0x00000000fba80000,0x00000000fba80000,0x00000000fd980000)
 ParOldGen       total 199168K, used 73681K [0x00000000a0000000, 0x00000000ac280000, 0x00000000e0000000)
  object space 199168K, 36% used [0x00000000a0000000,0x00000000a47f4498,0x00000000ac280000)
 Metaspace       used 103909K, capacity 111218K, committed 111400K, reserved 1146880K
  class space    used 13524K, capacity 14798K, committed 14888K, reserved 1048576K
GC Heap History (10 events):
Event: 1091.810 GC heap before
{Heap before GC invocations=23 (full 4):
 PSYoungGen      total 342528K, used 318923K [0x00000000e0000000, 0x00000000f6c00000, 0x0000000100000000)
  eden space 311808K, 100% used [0x00000000e0000000,0x00000000f3080000,0x00000000f3080000)
  from space 30720K, 23% used [0x00000000f4e00000,0x00000000f54f2f28,0x00000000f6c00000)
  to   space 30208K, 0% used [0x00000000f3080000,0x00000000f3080000,0x00000000f4e00000)
 ParOldGen       total 199168K, used 67918K [0x00000000a0000000, 0x00000000ac280000, 0x00000000e0000000)
  object space 199168K, 34% used [0x00000000a0000000,0x00000000a4253928,0x00000000ac280000)
 Metaspace       used 100269K, capacity 105398K, committed 105640K, reserved 1140736K
  class space    used 13161K, capacity 14168K, committed 14248K, reserved 1048576K
Event: 1091.834 GC heap after
Heap after GC invocations=23 (full 4):
 PSYoungGen      total 342016K, used 17051K [0x00000000e0000000, 0x00000000f9d80000, 0x0000000100000000)
  eden space 311808K, 0% used [0x00000000e0000000,0x00000000e0000000,0x00000000f3080000)
  from space 30208K, 56% used [0x00000000f3080000,0x00000000f4126c78,0x00000000f4e00000)
  to   space 29696K, 0% used [0x00000000f8080000,0x00000000f8080000,0x00000000f9d80000)
 ParOldGen       total 199168K, used 67926K [0x00000000a0000000, 0x00000000ac280000, 0x00000000e0000000)
  object space 199168K, 34% used [0x00000000a0000000,0x00000000a4255928,0x00000000ac280000)
 Metaspace       used 100269K, capacity 105398K, committed 105640K, reserved 1140736K
  class space    used 13161K, capacity 14168K, committed 14248K, reserved 1048576K
}
Event: 1225.274 GC heap before
{Heap before GC invocations=24 (full 4):
 PSYoungGen      total 342016K, used 328859K [0x00000000e0000000, 0x00000000f9d80000, 0x0000000100000000)
  eden space 311808K, 100% used [0x00000000e0000000,0x00000000f3080000,0x00000000f3080000)
  from space 30208K, 56% used [0x00000000f3080000,0x00000000f4126c78,0x00000000f4e00000)
  to   space 29696K, 0% used [0x00000000f8080000,0x00000000f8080000,0x00000000f9d80000)
 ParOldGen       total 199168K, used 67926K [0x00000000a0000000, 0x00000000ac280000, 0x00000000e0000000)
  object space 199168K, 34% used [0x00000000a0000000,0x00000000a4255928,0x00000000ac280000)
 Metaspace       used 100804K, capacity 106122K, committed 106152K, reserved 1140736K
  class space    used 13191K, capacity 14220K, committed 14248K, reserved 1048576K
Event: 1225.306 GC heap after
Heap after GC invocations=24 (full 4):
 PSYoungGen      total 385536K, used 29692K [0x00000000e0000000, 0x00000000fa080000, 0x0000000100000000)
  eden space 355840K, 0% used [0x00000000e0000000,0x00000000e0000000,0x00000000f5b80000)
  from space 29696K, 99% used [0x00000000f8080000,0x00000000f9d7f198,0x00000000f9d80000)
  to   space 35328K, 0% used [0x00000000f5b80000,0x00000000f5b80000,0x00000000f7e00000)
 ParOldGen       total 199168K, used 71925K [0x00000000a0000000, 0x00000000ac280000, 0x00000000e0000000)
  object space 199168K, 36% used [0x00000000a0000000,0x00000000a463d418,0x00000000ac280000)
 Metaspace       used 100804K, capacity 106122K, committed 106152K, reserved 1140736K
  class space    used 13191K, capacity 14220K, committed 14248K, reserved 1048576K
}
Event: 2624.789 GC heap before
{Heap before GC invocations=25 (full 4):
 PSYoungGen      total 385536K, used 385532K [0x00000000e0000000, 0x00000000fa080000, 0x0000000100000000)
  eden space 355840K, 100% used [0x00000000e0000000,0x00000000f5b80000,0x00000000f5b80000)
  from space 29696K, 99% used [0x00000000f8080000,0x00000000f9d7f198,0x00000000f9d80000)
  to   space 35328K, 0% used [0x00000000f5b80000,0x00000000f5b80000,0x00000000f7e00000)
 ParOldGen       total 199168K, used 71925K [0x00000000a0000000, 0x00000000ac280000, 0x00000000e0000000)
  object space 199168K, 36% used [0x00000000a0000000,0x00000000a463d418,0x00000000ac280000)
 Metaspace       used 101638K, capacity 107212K, committed 107304K, reserved 1142784K
  class space    used 13247K, capacity 14305K, committed 14376K, reserved 1048576K
Event: 2624.902 GC heap after
Heap after GC invocations=25 (full 4):
 PSYoungGen      total 391168K, used 17543K [0x00000000e0000000, 0x00000000fc700000, 0x0000000100000000)
  eden space 355840K, 0% used [0x00000000e0000000,0x00000000e0000000,0x00000000f5b80000)
  from space 35328K, 49% used [0x00000000f5b80000,0x00000000f6ca1cd8,0x00000000f7e00000)
  to   space 34304K, 0% used [0x00000000fa580000,0x00000000fa580000,0x00000000fc700000)
 ParOldGen       total 199168K, used 73665K [0x00000000a0000000, 0x00000000ac280000, 0x00000000e0000000)
  object space 199168K, 36% used [0x00000000a0000000,0x00000000a47f0498,0x00000000ac280000)
 Metaspace       used 101638K, capacity 107212K, committed 107304K, reserved 1142784K
  class space    used 13247K, capacity 14305K, committed 14376K, reserved 1048576K
}
Event: 2687.596 GC heap before
{Heap before GC invocations=26 (full 4):
 PSYoungGen      total 391168K, used 372713K [0x00000000e0000000, 0x00000000fc700000, 0x0000000100000000)
  eden space 355840K, 99% used [0x00000000e0000000,0x00000000f5ad8a60,0x00000000f5b80000)
  from space 35328K, 49% used [0x00000000f5b80000,0x00000000f6ca1cd8,0x00000000f7e00000)
  to   space 34304K, 0% used [0x00000000fa580000,0x00000000fa580000,0x00000000fc700000)
 ParOldGen       total 199168K, used 73665K [0x00000000a0000000, 0x00000000ac280000, 0x00000000e0000000)
  object space 199168K, 36% used [0x00000000a0000000,0x00000000a47f0498,0x00000000ac280000)
 Metaspace       used 102348K, capacity 108506K, committed 108712K, reserved 1142784K
  class space    used 13334K, capacity 14466K, committed 14504K, reserved 1048576K
Event: 2687.620 GC heap after
Heap after GC invocations=26 (full 4):
 PSYoungGen      total 414208K, used 14925K [0x00000000e0000000, 0x00000000fbd00000, 0x0000000100000000)
  eden space 390144K, 0% used [0x00000000e0000000,0x00000000e0000000,0x00000000f7d00000)
  from space 24064K, 62% used [0x00000000fa580000,0x00000000fb4135b8,0x00000000fbd00000)
  to   space 32768K, 0% used [0x00000000f7d00000,0x00000000f7d00000,0x00000000f9d00000)
 ParOldGen       total 199168K, used 73673K [0x00000000a0000000, 0x00000000ac280000, 0x00000000e0000000)
  object space 199168K, 36% used [0x00000000a0000000,0x00000000a47f2498,0x00000000ac280000)
 Metaspace       used 102348K, capacity 108506K, committed 108712K, reserved 1142784K
  class space    used 13334K, capacity 14466K, committed 14504K, reserved 1048576K
}
Event: 2765.621 GC heap before
{Heap before GC invocations=27 (full 4):
 PSYoungGen      total 414208K, used 405069K [0x00000000e0000000, 0x00000000fbd00000, 0x0000000100000000)
  eden space 390144K, 100% used [0x00000000e0000000,0x00000000f7d00000,0x00000000f7d00000)
  from space 24064K, 62% used [0x00000000fa580000,0x00000000fb4135b8,0x00000000fbd00000)
  to   space 32768K, 0% used [0x00000000f7d00000,0x00000000f7d00000,0x00000000f9d00000)
 ParOldGen       total 199168K, used 73673K [0x00000000a0000000, 0x00000000ac280000, 0x00000000e0000000)
  object space 199168K, 36% used [0x00000000a0000000,0x00000000a47f2498,0x00000000ac280000)
 Metaspace       used 102835K, capacity 108890K, committed 108968K, reserved 1144832K
  class space    used 13346K, capacity 14476K, committed 14504K, reserved 1048576K
Event: 2765.661 GC heap after
Heap after GC invocations=27 (full 4):
 PSYoungGen      total 422912K, used 17538K [0x00000000e0000000, 0x00000000fd980000, 0x0000000100000000)
  eden space 390144K, 0% used [0x00000000e0000000,0x00000000e0000000,0x00000000f7d00000)
  from space 32768K, 53% used [0x00000000f7d00000,0x00000000f8e20bc0,0x00000000f9d00000)
  to   space 31744K, 0% used [0x00000000fba80000,0x00000000fba80000,0x00000000fd980000)
 ParOldGen       total 199168K, used 73681K [0x00000000a0000000, 0x00000000ac280000, 0x00000000e0000000)
  object space 199168K, 36% used [0x00000000a0000000,0x00000000a47f4498,0x00000000ac280000)
 Metaspace       used 102835K, capacity 108890K, committed 108968K, reserved 1144832K
  class space    used 13346K, capacity 14476K, committed 14504K, reserved 1048576K
}

